PRT1
18
48
4 0 7 (1024 0 -1024 ) (1024 0 1024 ) (0 0 1024 ) (0 0 -1024 ) 
4 0 6 (0 0 -1024 ) (0 0 -448 ) (0 1024 -448 ) (0 1024 -1024 ) 
4 0 1 (0 0 -448 ) (0 0 1024 ) (0 1024 1024 ) (0 1024 -448 ) 
4 1 14 (-264 0 -216 ) (-264 0 -408 ) (-248 0 -408 ) (-248 0 -216 ) 
4 1 11 (-248 0 1024 ) (-264 0 1024 ) (-264 0 -192 ) (-248 0 -192 ) 
4 1 9 (0 0 -448 ) (0 0 -192 ) (-224 0 -192 ) (-224 0 -448 ) 
4 1 8 (0 0 -192 ) (0 0 1024 ) (-248 0 1024 ) (-248 0 -192 ) 
4 1 6 (0 0 -448 ) (-264 0 -448 ) (-264 1024 -448 ) (0 1024 -448 ) 
4 1 3 (-264 340 -384 ) (-264 340 1024 ) (-264 356 1024 ) (-264 356 -384 ) 
4 1 2 (-264 1024 -448 ) (-264 356 -448 ) (-264 356 1024 ) (-264 1024 1024 ) 
4 1 4 (-264 340 -448 ) (-264 0 -448 ) (-264 0 1024 ) (-264 340 1024 ) 
4 2 6 (-272 356 -448 ) (-272 1024 -448 ) (-264 1024 -448 ) (-264 356 -448 ) 
4 2 3 (-272 356 1024 ) (-272 356 -384 ) (-264 356 -384 ) (-264 356 1024 ) 
4 2 5 (-272 1024 -448 ) (-272 356 -448 ) (-272 356 1024 ) (-272 1024 1024 ) 
4 3 5 (-272 340 -384 ) (-272 340 1024 ) (-272 356 1024 ) (-272 356 -384 ) 
4 3 4 (-272 340 1024 ) (-272 340 -384 ) (-264 340 -384 ) (-264 340 1024 ) 
4 4 14 (-272 0 -216 ) (-272 0 -408 ) (-264 0 -408 ) (-264 0 -216 ) 
4 4 11 (-264 0 1024 ) (-272 0 1024 ) (-272 0 -192 ) (-264 0 -192 ) 
4 4 6 (-264 0 -448 ) (-272 0 -448 ) (-272 340 -448 ) (-264 340 -448 ) 
4 4 5 (-272 340 -448 ) (-272 0 -448 ) (-272 0 1024 ) (-272 340 1024 ) 
4 5 14 (-272 0 -408 ) (-272 0 -216 ) (-448 0 -216 ) (-448 0 -408 ) 
4 5 16 (-1024 0 -216 ) (-1024 0 -448 ) (-448 0 -448 ) (-448 0 -216 ) 
4 5 11 (-272 0 1024 ) (-448 0 1024 ) (-448 0 -192 ) (-272 0 -192 ) 
4 5 13 (-448 0 1024 ) (-1024 0 1024 ) (-1024 0 -216 ) (-448 0 -216 ) 
4 5 6 (-272 0 -448 ) (-1024 0 -448 ) (-1024 1024 -448 ) (-272 1024 -448 ) 
4 6 17 (0 0 -1024 ) (0 0 -448 ) (-1024 0 -448 ) (-1024 0 -1024 ) 
4 7 17 (0 0 -448 ) (0 0 -1024 ) (0 -1024 -1024 ) (0 -1024 -448 ) 
4 7 9 (0 0 -192 ) (0 0 -448 ) (0 -1024 -448 ) (0 -1024 -192 ) 
4 7 8 (0 0 1024 ) (0 0 -192 ) (0 -1024 -192 ) (0 -1024 1024 ) 
4 8 11 (-248 0 1024 ) (-248 0 -192 ) (-248 -448 -192 ) (-248 -448 1024 ) 
4 8 12 (-248 -448 -192 ) (-248 -1024 -192 ) (-248 -1024 1024 ) (-248 -448 1024 ) 
4 8 10 (-224 -1024 -192 ) (-248 -1024 -192 ) (-248 -448 -192 ) (-224 -448 -192 ) 
4 8 9 (0 -1024 -192 ) (-224 -1024 -192 ) (-224 0 -192 ) (0 0 -192 ) 
4 9 17 (0 -1024 -448 ) (-224 -1024 -448 ) (-224 0 -448 ) (0 0 -448 ) 
4 9 10 (-224 -448 -448 ) (-224 -1024 -448 ) (-224 -1024 -192 ) (-224 -448 -192 ) 
4 10 17 (-224 -1024 -448 ) (-248 -1024 -448 ) (-248 -448 -448 ) (-224 -448 -448 ) 
4 10 15 (-248 -448 -448 ) (-248 -1024 -448 ) (-248 -1024 -216 ) (-248 -448 -216 ) 
4 10 12 (-248 -1024 -216 ) (-248 -1024 -192 ) (-248 -448 -192 ) (-248 -448 -216 ) 
4 11 12 (-448 -448 1024 ) (-448 -448 -192 ) (-248 -448 -192 ) (-248 -448 1024 ) 
4 11 13 (-448 -448 -192 ) (-448 -448 1024 ) (-448 0 1024 ) (-448 0 -192 ) 
4 12 15 (-248 -448 -216 ) (-248 -1024 -216 ) (-448 -1024 -216 ) (-448 -448 -216 ) 
4 12 13 (-448 -448 -216 ) (-448 -1024 -216 ) (-448 -1024 1024 ) (-448 -448 1024 ) 
4 13 16 (-1024 0 -216 ) (-448 0 -216 ) (-448 -1024 -216 ) (-1024 -1024 -216 ) 
4 14 15 (-448 -24 -216 ) (-448 -24 -408 ) (-248 -24 -408 ) (-248 -24 -216 ) 
4 14 16 (-448 -24 -408 ) (-448 -24 -216 ) (-448 0 -216 ) (-448 0 -408 ) 
4 15 17 (-248 -1024 -448 ) (-448 -1024 -448 ) (-448 -24 -448 ) (-248 -24 -448 ) 
4 15 16 (-448 -24 -448 ) (-448 -1024 -448 ) (-448 -1024 -216 ) (-448 -24 -216 ) 
4 16 17 (-448 -1024 -448 ) (-1024 -1024 -448 ) (-1024 0 -448 ) (-448 0 -448 ) 
